<?xml version="1.0" encoding="UTF-8"?>
<testsuite xmlns:xsi="http://www.w3.org/2001/XMLSchema-instance" xsi:noNamespaceSchemaLocation="https://maven.apache.org/surefire/maven-surefire-plugin/xsd/surefire-test-report-3.0.xsd" version="3.0" name="runners.TestRunner" time="2.063" tests="1" errors="0" skipped="0" failures="0">
  <properties>
    <property name="java.specification.version" value="24"/>
    <property name="sun.cpu.isalist" value="amd64"/>
    <property name="sun.jnu.encoding" value="Cp1252"/>
    <property name="java.class.path" value="C:\try\BookingAppointement\target\test-classes;C:\try\BookingAppointement\target\classes;C:\Users\SSharma21\.m2\repository\junit\junit\4.13.1\junit-4.13.1.jar;C:\Users\SSharma21\.m2\repository\org\hamcrest\hamcrest-core\1.3\hamcrest-core-1.3.jar;C:\Users\SSharma21\.m2\repository\io\cucumber\cucumber-java\7.11.2\cucumber-java-7.11.2.jar;C:\Users\SSharma21\.m2\repository\io\cucumber\cucumber-core\7.11.2\cucumber-core-7.11.2.jar;C:\Users\SSharma21\.m2\repository\io\cucumber\cucumber-gherkin\7.11.2\cucumber-gherkin-7.11.2.jar;C:\Users\SSharma21\.m2\repository\io\cucumber\cucumber-gherkin-messages\7.11.2\cucumber-gherkin-messages-7.11.2.jar;C:\Users\SSharma21\.m2\repository\io\cucumber\gherkin\26.0.3\gherkin-26.0.3.jar;C:\Users\SSharma21\.m2\repository\io\cucumber\messages\21.0.1\messages-21.0.1.jar;C:\Users\SSharma21\.m2\repository\io\cucumber\tag-expressions\5.0.1\tag-expressions-5.0.1.jar;C:\Users\SSharma21\.m2\repository\io\cucumber\cucumber-expressions\16.1.2\cucumber-expressions-16.1.2.jar;C:\Users\SSharma21\.m2\repository\io\cucumber\datatable\7.11.2\datatable-7.11.2.jar;C:\Users\SSharma21\.m2\repository\io\cucumber\cucumber-plugin\7.11.2\cucumber-plugin-7.11.2.jar;C:\Users\SSharma21\.m2\repository\io\cucumber\docstring\7.11.2\docstring-7.11.2.jar;C:\Users\SSharma21\.m2\repository\io\cucumber\html-formatter\20.2.1\html-formatter-20.2.1.jar;C:\Users\SSharma21\.m2\repository\io\cucumber\junit-xml-formatter\0.1.0\junit-xml-formatter-0.1.0.jar;C:\Users\SSharma21\.m2\repository\io\cucumber\ci-environment\9.1.0\ci-environment-9.1.0.jar;C:\Users\SSharma21\.m2\repository\org\apiguardian\apiguardian-api\1.1.2\apiguardian-api-1.1.2.jar;C:\Users\SSharma21\.m2\repository\io\cucumber\cucumber-junit\7.11.2\cucumber-junit-7.11.2.jar;C:\Users\SSharma21\.m2\repository\org\seleniumhq\selenium\selenium-java\3.141.59\selenium-java-3.141.59.jar;C:\Users\SSharma21\.m2\repository\org\seleniumhq\selenium\selenium-api\3.141.59\selenium-api-3.141.59.jar;C:\Users\SSharma21\.m2\repository\org\seleniumhq\selenium\selenium-chrome-driver\3.141.59\selenium-chrome-driver-3.141.59.jar;C:\Users\SSharma21\.m2\repository\org\seleniumhq\selenium\selenium-edge-driver\3.141.59\selenium-edge-driver-3.141.59.jar;C:\Users\SSharma21\.m2\repository\org\seleniumhq\selenium\selenium-firefox-driver\3.141.59\selenium-firefox-driver-3.141.59.jar;C:\Users\SSharma21\.m2\repository\org\seleniumhq\selenium\selenium-ie-driver\3.141.59\selenium-ie-driver-3.141.59.jar;C:\Users\SSharma21\.m2\repository\org\seleniumhq\selenium\selenium-opera-driver\3.141.59\selenium-opera-driver-3.141.59.jar;C:\Users\SSharma21\.m2\repository\org\seleniumhq\selenium\selenium-remote-driver\3.141.59\selenium-remote-driver-3.141.59.jar;C:\Users\SSharma21\.m2\repository\org\seleniumhq\selenium\selenium-safari-driver\3.141.59\selenium-safari-driver-3.141.59.jar;C:\Users\SSharma21\.m2\repository\org\seleniumhq\selenium\selenium-support\3.141.59\selenium-support-3.141.59.jar;C:\Users\SSharma21\.m2\repository\net\bytebuddy\byte-buddy\1.8.15\byte-buddy-1.8.15.jar;C:\Users\SSharma21\.m2\repository\org\apache\commons\commons-exec\1.3\commons-exec-1.3.jar;C:\Users\SSharma21\.m2\repository\com\google\guava\guava\25.0-jre\guava-25.0-jre.jar;C:\Users\SSharma21\.m2\repository\com\google\code\findbugs\jsr305\1.3.9\jsr305-1.3.9.jar;C:\Users\SSharma21\.m2\repository\org\checkerframework\checker-compat-qual\2.0.0\checker-compat-qual-2.0.0.jar;C:\Users\SSharma21\.m2\repository\com\google\errorprone\error_prone_annotations\2.1.3\error_prone_annotations-2.1.3.jar;C:\Users\SSharma21\.m2\repository\com\google\j2objc\j2objc-annotations\1.1\j2objc-annotations-1.1.jar;C:\Users\SSharma21\.m2\repository\org\codehaus\mojo\animal-sniffer-annotations\1.14\animal-sniffer-annotations-1.14.jar;C:\Users\SSharma21\.m2\repository\com\squareup\okhttp3\okhttp\3.11.0\okhttp-3.11.0.jar;C:\Users\SSharma21\.m2\repository\com\squareup\okio\okio\1.14.0\okio-1.14.0.jar;C:\Users\SSharma21\.m2\repository\org\seleniumhq\selenium\htmlunit-driver\2.52.0\htmlunit-driver-2.52.0.jar;C:\Users\SSharma21\.m2\repository\net\sourceforge\htmlunit\htmlunit\2.52.0\htmlunit-2.52.0.jar;C:\Users\SSharma21\.m2\repository\xalan\xalan\2.7.2\xalan-2.7.2.jar;C:\Users\SSharma21\.m2\repository\xalan\serializer\2.7.2\serializer-2.7.2.jar;C:\Users\SSharma21\.m2\repository\org\apache\commons\commons-lang3\3.12.0\commons-lang3-3.12.0.jar;C:\Users\SSharma21\.m2\repository\org\apache\commons\commons-text\1.9\commons-text-1.9.jar;C:\Users\SSharma21\.m2\repository\org\apache\httpcomponents\httpmime\4.5.13\httpmime-4.5.13.jar;C:\Users\SSharma21\.m2\repository\org\apache\httpcomponents\httpclient\4.5.13\httpclient-4.5.13.jar;C:\Users\SSharma21\.m2\repository\org\apache\httpcomponents\httpcore\4.4.13\httpcore-4.4.13.jar;C:\Users\SSharma21\.m2\repository\commons-codec\commons-codec\1.11\commons-codec-1.11.jar;C:\Users\SSharma21\.m2\repository\net\sourceforge\htmlunit\htmlunit-core-js\2.52.0\htmlunit-core-js-2.52.0.jar;C:\Users\SSharma21\.m2\repository\net\sourceforge\htmlunit\neko-htmlunit\2.52.0\neko-htmlunit-2.52.0.jar;C:\Users\SSharma21\.m2\repository\xerces\xercesImpl\2.12.0\xercesImpl-2.12.0.jar;C:\Users\SSharma21\.m2\repository\xml-apis\xml-apis\1.4.01\xml-apis-1.4.01.jar;C:\Users\SSharma21\.m2\repository\net\sourceforge\htmlunit\htmlunit-cssparser\1.9.0\htmlunit-cssparser-1.9.0.jar;C:\Users\SSharma21\.m2\repository\commons-io\commons-io\2.10.0\commons-io-2.10.0.jar;C:\Users\SSharma21\.m2\repository\commons-logging\commons-logging\1.2\commons-logging-1.2.jar;C:\Users\SSharma21\.m2\repository\commons-net\commons-net\3.8.0\commons-net-3.8.0.jar;C:\Users\SSharma21\.m2\repository\org\brotli\dec\0.1.2\dec-0.1.2.jar;C:\Users\SSharma21\.m2\repository\com\shapesecurity\salvation2\3.0.0\salvation2-3.0.0.jar;C:\Users\SSharma21\.m2\repository\org\eclipse\jetty\websocket\websocket-client\9.4.43.v20210629\websocket-client-9.4.43.v20210629.jar;C:\Users\SSharma21\.m2\repository\org\eclipse\jetty\jetty-client\9.4.43.v20210629\jetty-client-9.4.43.v20210629.jar;C:\Users\SSharma21\.m2\repository\org\eclipse\jetty\jetty-http\9.4.43.v20210629\jetty-http-9.4.43.v20210629.jar;C:\Users\SSharma21\.m2\repository\org\eclipse\jetty\jetty-util\9.4.43.v20210629\jetty-util-9.4.43.v20210629.jar;C:\Users\SSharma21\.m2\repository\org\eclipse\jetty\jetty-io\9.4.43.v20210629\jetty-io-9.4.43.v20210629.jar;C:\Users\SSharma21\.m2\repository\org\eclipse\jetty\websocket\websocket-common\9.4.43.v20210629\websocket-common-9.4.43.v20210629.jar;C:\Users\SSharma21\.m2\repository\org\eclipse\jetty\websocket\websocket-api\9.4.43.v20210629\websocket-api-9.4.43.v20210629.jar;"/>
    <property name="java.vm.vendor" value="Amazon.com Inc."/>
    <property name="sun.arch.data.model" value="64"/>
    <property name="user.variant" value=""/>
    <property name="java.vendor.url" value="https://aws.amazon.com/corretto/"/>
    <property name="user.timezone" value="Asia/Calcutta"/>
    <property name="os.name" value="Windows 10"/>
    <property name="java.vm.specification.version" value="24"/>
    <property name="sun.java.launcher" value="SUN_STANDARD"/>
    <property name="user.country" value="US"/>
    <property name="sun.boot.library.path" value="C:\Users\SSharma21\.jdks\corretto-24\bin"/>
    <property name="sun.java.command" value="C:\Users\SSharma21\AppData\Local\Temp\surefire15036035224306258016\surefirebooter10448405767580017894.jar C:\Users\SSharma21\AppData\Local\Temp\surefire15036035224306258016 2025-07-13T01-27-02_255-jvmRun1 surefire8210426204558182733tmp surefire_015549013229150332960tmp"/>
    <property name="jdk.debug" value="release"/>
    <property name="surefire.test.class.path" value="C:\try\BookingAppointement\target\test-classes;C:\try\BookingAppointement\target\classes;C:\Users\SSharma21\.m2\repository\junit\junit\4.13.1\junit-4.13.1.jar;C:\Users\SSharma21\.m2\repository\org\hamcrest\hamcrest-core\1.3\hamcrest-core-1.3.jar;C:\Users\SSharma21\.m2\repository\io\cucumber\cucumber-java\7.11.2\cucumber-java-7.11.2.jar;C:\Users\SSharma21\.m2\repository\io\cucumber\cucumber-core\7.11.2\cucumber-core-7.11.2.jar;C:\Users\SSharma21\.m2\repository\io\cucumber\cucumber-gherkin\7.11.2\cucumber-gherkin-7.11.2.jar;C:\Users\SSharma21\.m2\repository\io\cucumber\cucumber-gherkin-messages\7.11.2\cucumber-gherkin-messages-7.11.2.jar;C:\Users\SSharma21\.m2\repository\io\cucumber\gherkin\26.0.3\gherkin-26.0.3.jar;C:\Users\SSharma21\.m2\repository\io\cucumber\messages\21.0.1\messages-21.0.1.jar;C:\Users\SSharma21\.m2\repository\io\cucumber\tag-expressions\5.0.1\tag-expressions-5.0.1.jar;C:\Users\SSharma21\.m2\repository\io\cucumber\cucumber-expressions\16.1.2\cucumber-expressions-16.1.2.jar;C:\Users\SSharma21\.m2\repository\io\cucumber\datatable\7.11.2\datatable-7.11.2.jar;C:\Users\SSharma21\.m2\repository\io\cucumber\cucumber-plugin\7.11.2\cucumber-plugin-7.11.2.jar;C:\Users\SSharma21\.m2\repository\io\cucumber\docstring\7.11.2\docstring-7.11.2.jar;C:\Users\SSharma21\.m2\repository\io\cucumber\html-formatter\20.2.1\html-formatter-20.2.1.jar;C:\Users\SSharma21\.m2\repository\io\cucumber\junit-xml-formatter\0.1.0\junit-xml-formatter-0.1.0.jar;C:\Users\SSharma21\.m2\repository\io\cucumber\ci-environment\9.1.0\ci-environment-9.1.0.jar;C:\Users\SSharma21\.m2\repository\org\apiguardian\apiguardian-api\1.1.2\apiguardian-api-1.1.2.jar;C:\Users\SSharma21\.m2\repository\io\cucumber\cucumber-junit\7.11.2\cucumber-junit-7.11.2.jar;C:\Users\SSharma21\.m2\repository\org\seleniumhq\selenium\selenium-java\3.141.59\selenium-java-3.141.59.jar;C:\Users\SSharma21\.m2\repository\org\seleniumhq\selenium\selenium-api\3.141.59\selenium-api-3.141.59.jar;C:\Users\SSharma21\.m2\repository\org\seleniumhq\selenium\selenium-chrome-driver\3.141.59\selenium-chrome-driver-3.141.59.jar;C:\Users\SSharma21\.m2\repository\org\seleniumhq\selenium\selenium-edge-driver\3.141.59\selenium-edge-driver-3.141.59.jar;C:\Users\SSharma21\.m2\repository\org\seleniumhq\selenium\selenium-firefox-driver\3.141.59\selenium-firefox-driver-3.141.59.jar;C:\Users\SSharma21\.m2\repository\org\seleniumhq\selenium\selenium-ie-driver\3.141.59\selenium-ie-driver-3.141.59.jar;C:\Users\SSharma21\.m2\repository\org\seleniumhq\selenium\selenium-opera-driver\3.141.59\selenium-opera-driver-3.141.59.jar;C:\Users\SSharma21\.m2\repository\org\seleniumhq\selenium\selenium-remote-driver\3.141.59\selenium-remote-driver-3.141.59.jar;C:\Users\SSharma21\.m2\repository\org\seleniumhq\selenium\selenium-safari-driver\3.141.59\selenium-safari-driver-3.141.59.jar;C:\Users\SSharma21\.m2\repository\org\seleniumhq\selenium\selenium-support\3.141.59\selenium-support-3.141.59.jar;C:\Users\SSharma21\.m2\repository\net\bytebuddy\byte-buddy\1.8.15\byte-buddy-1.8.15.jar;C:\Users\SSharma21\.m2\repository\org\apache\commons\commons-exec\1.3\commons-exec-1.3.jar;C:\Users\SSharma21\.m2\repository\com\google\guava\guava\25.0-jre\guava-25.0-jre.jar;C:\Users\SSharma21\.m2\repository\com\google\code\findbugs\jsr305\1.3.9\jsr305-1.3.9.jar;C:\Users\SSharma21\.m2\repository\org\checkerframework\checker-compat-qual\2.0.0\checker-compat-qual-2.0.0.jar;C:\Users\SSharma21\.m2\repository\com\google\errorprone\error_prone_annotations\2.1.3\error_prone_annotations-2.1.3.jar;C:\Users\SSharma21\.m2\repository\com\google\j2objc\j2objc-annotations\1.1\j2objc-annotations-1.1.jar;C:\Users\SSharma21\.m2\repository\org\codehaus\mojo\animal-sniffer-annotations\1.14\animal-sniffer-annotations-1.14.jar;C:\Users\SSharma21\.m2\repository\com\squareup\okhttp3\okhttp\3.11.0\okhttp-3.11.0.jar;C:\Users\SSharma21\.m2\repository\com\squareup\okio\okio\1.14.0\okio-1.14.0.jar;C:\Users\SSharma21\.m2\repository\org\seleniumhq\selenium\htmlunit-driver\2.52.0\htmlunit-driver-2.52.0.jar;C:\Users\SSharma21\.m2\repository\net\sourceforge\htmlunit\htmlunit\2.52.0\htmlunit-2.52.0.jar;C:\Users\SSharma21\.m2\repository\xalan\xalan\2.7.2\xalan-2.7.2.jar;C:\Users\SSharma21\.m2\repository\xalan\serializer\2.7.2\serializer-2.7.2.jar;C:\Users\SSharma21\.m2\repository\org\apache\commons\commons-lang3\3.12.0\commons-lang3-3.12.0.jar;C:\Users\SSharma21\.m2\repository\org\apache\commons\commons-text\1.9\commons-text-1.9.jar;C:\Users\SSharma21\.m2\repository\org\apache\httpcomponents\httpmime\4.5.13\httpmime-4.5.13.jar;C:\Users\SSharma21\.m2\repository\org\apache\httpcomponents\httpclient\4.5.13\httpclient-4.5.13.jar;C:\Users\SSharma21\.m2\repository\org\apache\httpcomponents\httpcore\4.4.13\httpcore-4.4.13.jar;C:\Users\SSharma21\.m2\repository\commons-codec\commons-codec\1.11\commons-codec-1.11.jar;C:\Users\SSharma21\.m2\repository\net\sourceforge\htmlunit\htmlunit-core-js\2.52.0\htmlunit-core-js-2.52.0.jar;C:\Users\SSharma21\.m2\repository\net\sourceforge\htmlunit\neko-htmlunit\2.52.0\neko-htmlunit-2.52.0.jar;C:\Users\SSharma21\.m2\repository\xerces\xercesImpl\2.12.0\xercesImpl-2.12.0.jar;C:\Users\SSharma21\.m2\repository\xml-apis\xml-apis\1.4.01\xml-apis-1.4.01.jar;C:\Users\SSharma21\.m2\repository\net\sourceforge\htmlunit\htmlunit-cssparser\1.9.0\htmlunit-cssparser-1.9.0.jar;C:\Users\SSharma21\.m2\repository\commons-io\commons-io\2.10.0\commons-io-2.10.0.jar;C:\Users\SSharma21\.m2\repository\commons-logging\commons-logging\1.2\commons-logging-1.2.jar;C:\Users\SSharma21\.m2\repository\commons-net\commons-net\3.8.0\commons-net-3.8.0.jar;C:\Users\SSharma21\.m2\repository\org\brotli\dec\0.1.2\dec-0.1.2.jar;C:\Users\SSharma21\.m2\repository\com\shapesecurity\salvation2\3.0.0\salvation2-3.0.0.jar;C:\Users\SSharma21\.m2\repository\org\eclipse\jetty\websocket\websocket-client\9.4.43.v20210629\websocket-client-9.4.43.v20210629.jar;C:\Users\SSharma21\.m2\repository\org\eclipse\jetty\jetty-client\9.4.43.v20210629\jetty-client-9.4.43.v20210629.jar;C:\Users\SSharma21\.m2\repository\org\eclipse\jetty\jetty-http\9.4.43.v20210629\jetty-http-9.4.43.v20210629.jar;C:\Users\SSharma21\.m2\repository\org\eclipse\jetty\jetty-util\9.4.43.v20210629\jetty-util-9.4.43.v20210629.jar;C:\Users\SSharma21\.m2\repository\org\eclipse\jetty\jetty-io\9.4.43.v20210629\jetty-io-9.4.43.v20210629.jar;C:\Users\SSharma21\.m2\repository\org\eclipse\jetty\websocket\websocket-common\9.4.43.v20210629\websocket-common-9.4.43.v20210629.jar;C:\Users\SSharma21\.m2\repository\org\eclipse\jetty\websocket\websocket-api\9.4.43.v20210629\websocket-api-9.4.43.v20210629.jar;"/>
    <property name="sun.cpu.endian" value="little"/>
    <property name="user.home" value="C:\Users\SSharma21"/>
    <property name="user.language" value="en"/>
    <property name="java.specification.vendor" value="Oracle Corporation"/>
    <property name="java.version.date" value="2025-03-18"/>
    <property name="java.home" value="C:\Users\SSharma21\.jdks\corretto-24"/>
    <property name="file.separator" value="\"/>
    <property name="basedir" value="C:\try\BookingAppointement"/>
    <property name="java.vm.compressedOopsMode" value="Zero based"/>
    <property name="line.separator" value="&#10;"/>
    <property name="java.vm.specification.vendor" value="Oracle Corporation"/>
    <property name="java.specification.name" value="Java Platform API Specification"/>
    <property name="surefire.real.class.path" value="C:\Users\SSharma21\AppData\Local\Temp\surefire15036035224306258016\surefirebooter10448405767580017894.jar"/>
    <property name="user.script" value=""/>
    <property name="sun.management.compiler" value="HotSpot 64-Bit Tiered Compilers"/>
    <property name="java.runtime.version" value="24+36-FR"/>
    <property name="user.name" value="SSharma21"/>
    <property name="stdout.encoding" value="Cp1252"/>
    <property name="path.separator" value=";"/>
    <property name="os.version" value="10.0"/>
    <property name="java.runtime.name" value="OpenJDK Runtime Environment"/>
    <property name="file.encoding" value="UTF-8"/>
    <property name="java.vm.name" value="OpenJDK 64-Bit Server VM"/>
    <property name="java.vendor.version" value="Corretto-24.0.0.36.2"/>
    <property name="localRepository" value="C:\Users\SSharma21\.m2\repository"/>
    <property name="java.vendor.url.bug" value="https://github.com/corretto/corretto-24/issues/"/>
    <property name="java.io.tmpdir" value="C:\Users\SSHARM~1\AppData\Local\Temp\"/>
    <property name="idea.version" value="2025.1"/>
    <property name="java.version" value="24"/>
    <property name="user.dir" value="C:\try\BookingAppointement"/>
    <property name="os.arch" value="amd64"/>
    <property name="java.vm.specification.name" value="Java Virtual Machine Specification"/>
    <property name="sun.os.patch.level" value=""/>
    <property name="native.encoding" value="Cp1252"/>
    <property name="java.library.path" value="C:\Users\SSharma21\.jdks\corretto-24\bin;C:\WINDOWS\Sun\Java\bin;C:\WINDOWS\system32;C:\WINDOWS;C:\Program Files\Amazon Corretto\jre8\bin;C:\WINDOWS\system32;C:\WINDOWS;C:\WINDOWS\System32\Wbem;C:\WINDOWS\System32\WindowsPowerShell\v1.0\;C:\WINDOWS\System32\OpenSSH\;C:\Program Files (x86)\Windows Kits\8.1\Windows Performance Toolkit\;C:\Program Files\dotnet\;C:\Program Files (x86)\Sennheiser\SenncomSDK\;C:\Program Files\Java\jdk-11.0.11-9-jre\bin;C:\Program Files\Microsoft\jdk-11.0.22.7-hotspot\bin;C:\Users\SSharma21\AppData\Local\Microsoft\WindowsApps;C:\Users\SSharma21\AppData\Local\Programs\Git\cmd;."/>
    <property name="java.vm.info" value="mixed mode, sharing"/>
    <property name="stderr.encoding" value="Cp1252"/>
    <property name="java.vendor" value="Amazon.com Inc."/>
    <property name="java.vm.version" value="24+36-FR"/>
    <property name="sun.io.unicode.encoding" value="UnicodeLittle"/>
    <property name="java.class.version" value="68.0"/>
  </properties>
  <testcase name="Reach Example website" classname="Visit Website" time="1.694">
    <system-out><![CDATA[
Scenario: Reach Example website                &amp#27;[90m# src/test/resources/features/visit_site.feature:3&amp#27;[0m
  &amp#27;[32mGiven &amp#27;[0m&amp#27;[32muser opens browser&amp#27;[0m                     &amp#27;[90m# steps.WebsiteSteps.userOpensBrowser()&amp#27;[0m
  &amp#27;[32mWhen &amp#27;[0m&amp#27;[32muser navigates to &amp#27;[0m&amp#27;[32m&amp#27;[1m"https://example.com"&amp#27;[0m &amp#27;[90m# steps.WebsiteSteps.userNavigatesTo(java.lang.String)&amp#27;[0m
  &amp#27;[32mThen &amp#27;[0m&amp#27;[32mtitle should contain &amp#27;[0m&amp#27;[32m&amp#27;[1m"Example Domain"&amp#27;[0m   &amp#27;[90m# steps.WebsiteSteps.titleShouldContain(java.lang.String)&amp#27;[0m
]]></system-out>
  </testcase>
</testsuite>